2025-08-15 17:47:17,816 - INFO - Anonymized telemetry enabled. See                     https://docs.trychroma.com/telemetry for more information.
2025-08-15 17:51:20,092 - INFO - Anonymized telemetry enabled. See                     https://docs.trychroma.com/telemetry for more information.
2025-08-15 17:51:31,764 - INFO - HTTP Request: POST https://omcbehviyimwbdmqlwix.supabase.co/auth/v1/token?grant_type=password "HTTP/2 200 OK"
2025-08-15 17:51:32,333 - INFO - HTTP Request: GET https://omcbehviyimwbdmqlwix.supabase.co/rest/v1/pinned_conversations?select=id%2Ctitle%2Ccreated_at&user_id=eq.4a577b13-e1e0-4367-8157-536eb044e027&order=created_at.desc "HTTP/2 404 Not Found"
2025-08-15 17:51:51,429 - INFO - HTTP Request: GET https://omcbehviyimwbdmqlwix.supabase.co/rest/v1/pinned_conversations?select=id%2Ctitle%2Ccreated_at&user_id=eq.4a577b13-e1e0-4367-8157-536eb044e027&order=created_at.desc "HTTP/2 404 Not Found"
2025-08-15 17:52:09,223 - INFO - HTTP Request: GET https://omcbehviyimwbdmqlwix.supabase.co/rest/v1/pinned_conversations?select=id%2Ctitle%2Ccreated_at&user_id=eq.4a577b13-e1e0-4367-8157-536eb044e027&order=created_at.desc "HTTP/2 404 Not Found"
2025-08-15 17:52:09,713 - INFO - HTTP Request: POST https://omcbehviyimwbdmqlwix.supabase.co/rest/v1/chat_history "HTTP/2 201 Created"
2025-08-15 17:52:09,735 - ERROR - Safe execute error: Failed to load the provided avatar value as an image.
2025-08-15 17:52:13,380 - INFO - HTTP Request: GET https://omcbehviyimwbdmqlwix.supabase.co/rest/v1/pinned_conversations?select=id%2Ctitle%2Ccreated_at&user_id=eq.4a577b13-e1e0-4367-8157-536eb044e027&order=created_at.desc "HTTP/2 404 Not Found"
2025-08-15 17:52:13,384 - ERROR - Safe execute error: Failed to load the provided avatar value as an image.
2025-08-15 17:54:13,051 - INFO - HTTP Request: GET https://omcbehviyimwbdmqlwix.supabase.co/rest/v1/pinned_conversations?select=id%2Ctitle%2Ccreated_at&user_id=eq.4a577b13-e1e0-4367-8157-536eb044e027&order=created_at.desc "HTTP/2 404 Not Found"
2025-08-15 17:54:13,055 - ERROR - Safe execute error: Failed to load the provided avatar value as an image.
2025-08-15 17:54:57,992 - INFO - HTTP Request: POST https://omcbehviyimwbdmqlwix.supabase.co/auth/v1/token?grant_type=password "HTTP/2 200 OK"
2025-08-15 17:54:58,466 - INFO - HTTP Request: GET https://omcbehviyimwbdmqlwix.supabase.co/rest/v1/pinned_conversations?select=id%2Ctitle%2Ccreated_at&user_id=eq.4a577b13-e1e0-4367-8157-536eb044e027&order=created_at.desc "HTTP/2 404 Not Found"
2025-08-15 17:56:23,021 - INFO - HTTP Request: GET https://omcbehviyimwbdmqlwix.supabase.co/rest/v1/pinned_conversations?select=id%2Ctitle%2Ccreated_at&user_id=eq.4a577b13-e1e0-4367-8157-536eb044e027&order=created_at.desc "HTTP/2 404 Not Found"
2025-08-15 17:56:29,321 - INFO - HTTP Request: GET https://omcbehviyimwbdmqlwix.supabase.co/rest/v1/pinned_conversations?select=id%2Ctitle%2Ccreated_at&user_id=eq.4a577b13-e1e0-4367-8157-536eb044e027&order=created_at.desc "HTTP/2 404 Not Found"
2025-08-15 17:56:29,545 - INFO - HTTP Request: POST https://omcbehviyimwbdmqlwix.supabase.co/rest/v1/chat_history "HTTP/2 201 Created"
2025-08-15 17:56:29,548 - ERROR - Safe execute error: Failed to load the provided avatar value as an image.
2025-08-15 17:56:32,264 - INFO - HTTP Request: GET https://omcbehviyimwbdmqlwix.supabase.co/rest/v1/pinned_conversations?select=id%2Ctitle%2Ccreated_at&user_id=eq.4a577b13-e1e0-4367-8157-536eb044e027&order=created_at.desc "HTTP/2 404 Not Found"
2025-08-15 17:56:32,268 - ERROR - Safe execute error: Failed to load the provided avatar value as an image.
2025-08-15 18:00:46,807 - INFO - Anonymized telemetry enabled. See                     https://docs.trychroma.com/telemetry for more information.
2025-08-15 18:00:46,986 - INFO - Anonymized telemetry enabled. See                     https://docs.trychroma.com/telemetry for more information.
2025-08-15 18:01:24,369 - INFO - HTTP Request: POST https://omcbehviyimwbdmqlwix.supabase.co/auth/v1/token?grant_type=password "HTTP/2 200 OK"
2025-08-15 18:01:24,807 - INFO - HTTP Request: GET https://omcbehviyimwbdmqlwix.supabase.co/rest/v1/chat_history?select=role%2Ccontent&user_id=eq.4a577b13-e1e0-4367-8157-536eb044e027&order=created_at.asc&limit=50 "HTTP/2 200 OK"
2025-08-15 18:01:24,995 - INFO - HTTP Request: GET https://omcbehviyimwbdmqlwix.supabase.co/rest/v1/pinned_conversations?select=id%2Ctitle%2Ccreated_at&user_id=eq.4a577b13-e1e0-4367-8157-536eb044e027&order=created_at.desc "HTTP/2 404 Not Found"
2025-08-15 18:04:25,064 - INFO - HTTP Request: GET https://omcbehviyimwbdmqlwix.supabase.co/rest/v1/pinned_conversations?select=id%2Ctitle%2Ccreated_at&user_id=eq.4a577b13-e1e0-4367-8157-536eb044e027&order=created_at.desc "HTTP/2 404 Not Found"
2025-08-15 18:04:28,618 - INFO - HTTP Request: GET https://omcbehviyimwbdmqlwix.supabase.co/rest/v1/pinned_conversations?select=id%2Ctitle%2Ccreated_at&user_id=eq.4a577b13-e1e0-4367-8157-536eb044e027&order=created_at.desc "HTTP/2 404 Not Found"
2025-08-15 18:04:32,323 - INFO - HTTP Request: GET https://omcbehviyimwbdmqlwix.supabase.co/rest/v1/pinned_conversations?select=id%2Ctitle%2Ccreated_at&user_id=eq.4a577b13-e1e0-4367-8157-536eb044e027&order=created_at.desc "HTTP/2 404 Not Found"
2025-08-15 18:04:34,267 - INFO - HTTP Request: GET https://omcbehviyimwbdmqlwix.supabase.co/rest/v1/pinned_conversations?select=id%2Ctitle%2Ccreated_at&user_id=eq.4a577b13-e1e0-4367-8157-536eb044e027&order=created_at.desc "HTTP/2 404 Not Found"
2025-08-15 18:04:35,331 - INFO - HTTP Request: GET https://omcbehviyimwbdmqlwix.supabase.co/rest/v1/pinned_conversations?select=id%2Ctitle%2Ccreated_at&user_id=eq.4a577b13-e1e0-4367-8157-536eb044e027&order=created_at.desc "HTTP/2 404 Not Found"
2025-08-15 18:04:59,361 - INFO - HTTP Request: GET https://omcbehviyimwbdmqlwix.supabase.co/rest/v1/pinned_conversations?select=id%2Ctitle%2Ccreated_at&user_id=eq.4a577b13-e1e0-4367-8157-536eb044e027&order=created_at.desc "HTTP/2 404 Not Found"
2025-08-15 18:04:59,929 - INFO - HTTP Request: POST https://omcbehviyimwbdmqlwix.supabase.co/rest/v1/chat_history "HTTP/2 201 Created"
2025-08-15 18:05:14,978 - INFO - HTTP Request: POST https://omcbehviyimwbdmqlwix.supabase.co/rest/v1/chat_history "HTTP/2 201 Created"
2025-08-15 18:05:39,105 - INFO - HTTP Request: GET https://omcbehviyimwbdmqlwix.supabase.co/rest/v1/pinned_conversations?select=id%2Ctitle%2Ccreated_at&user_id=eq.4a577b13-e1e0-4367-8157-536eb044e027&order=created_at.desc "HTTP/2 404 Not Found"
2025-08-15 18:05:42,407 - INFO - HTTP Request: GET https://omcbehviyimwbdmqlwix.supabase.co/rest/v1/pinned_conversations?select=id%2Ctitle%2Ccreated_at&user_id=eq.4a577b13-e1e0-4367-8157-536eb044e027&order=created_at.desc "HTTP/2 404 Not Found"
2025-08-15 18:06:02,544 - INFO - HTTP Request: GET https://omcbehviyimwbdmqlwix.supabase.co/rest/v1/pinned_conversations?select=id%2Ctitle%2Ccreated_at&user_id=eq.4a577b13-e1e0-4367-8157-536eb044e027&order=created_at.desc "HTTP/2 404 Not Found"
2025-08-15 18:06:02,791 - INFO - HTTP Request: GET https://omcbehviyimwbdmqlwix.supabase.co/rest/v1/chat_history?select=role%2Ccontent%2Ccreated_at&user_id=eq.4a577b13-e1e0-4367-8157-536eb044e027&content=ilike.%25trung+qu%E1%BB%91c%25&order=created_at.desc "HTTP/2 200 OK"
2025-08-15 18:06:13,437 - INFO - HTTP Request: GET https://omcbehviyimwbdmqlwix.supabase.co/rest/v1/pinned_conversations?select=id%2Ctitle%2Ccreated_at&user_id=eq.4a577b13-e1e0-4367-8157-536eb044e027&order=created_at.desc "HTTP/2 404 Not Found"
2025-08-15 18:06:13,540 - INFO - HTTP Request: GET https://omcbehviyimwbdmqlwix.supabase.co/rest/v1/chat_history?select=role%2Ccontent%2Ccreated_at&user_id=eq.4a577b13-e1e0-4367-8157-536eb044e027&content=ilike.%25trung+qu%E1%BB%91c%25&order=created_at.desc "HTTP/2 200 OK"
2025-08-15 18:06:13,780 - INFO - HTTP Request: GET https://omcbehviyimwbdmqlwix.supabase.co/rest/v1/chat_history?select=role%2Ccontent&user_id=eq.4a577b13-e1e0-4367-8157-536eb044e027&created_at=lte.2025-08-14T10%3A11%3A04.542553%2B00%3A00&order=created_at.asc "HTTP/2 200 OK"
2025-08-15 18:06:24,201 - INFO - HTTP Request: GET https://omcbehviyimwbdmqlwix.supabase.co/rest/v1/pinned_conversations?select=id%2Ctitle%2Ccreated_at&user_id=eq.4a577b13-e1e0-4367-8157-536eb044e027&order=created_at.desc "HTTP/2 404 Not Found"
2025-08-15 18:06:24,307 - INFO - HTTP Request: GET https://omcbehviyimwbdmqlwix.supabase.co/rest/v1/chat_history?select=role%2Ccontent%2Ccreated_at&user_id=eq.4a577b13-e1e0-4367-8157-536eb044e027&content=ilike.%25trung+qu%E1%BB%91c%25&order=created_at.desc "HTTP/2 200 OK"
2025-08-15 18:06:24,492 - INFO - HTTP Request: GET https://omcbehviyimwbdmqlwix.supabase.co/rest/v1/chat_history?select=role%2Ccontent&user_id=eq.4a577b13-e1e0-4367-8157-536eb044e027&created_at=lte.2025-08-15T02%3A22%3A35.845493%2B00%3A00&order=created_at.asc "HTTP/2 200 OK"
2025-08-15 18:06:29,443 - INFO - HTTP Request: GET https://omcbehviyimwbdmqlwix.supabase.co/rest/v1/pinned_conversations?select=id%2Ctitle%2Ccreated_at&user_id=eq.4a577b13-e1e0-4367-8157-536eb044e027&order=created_at.desc "HTTP/2 404 Not Found"
2025-08-15 18:06:29,622 - INFO - HTTP Request: GET https://omcbehviyimwbdmqlwix.supabase.co/rest/v1/chat_history?select=role%2Ccontent%2Ccreated_at&user_id=eq.4a577b13-e1e0-4367-8157-536eb044e027&content=ilike.%25trung+qu%E1%BB%91c%25&order=created_at.desc "HTTP/2 200 OK"
2025-08-15 18:06:29,720 - INFO - HTTP Request: GET https://omcbehviyimwbdmqlwix.supabase.co/rest/v1/chat_history?select=role%2Ccontent&user_id=eq.4a577b13-e1e0-4367-8157-536eb044e027&created_at=lte.2025-08-14T11%3A00%3A04.087786%2B00%3A00&order=created_at.asc "HTTP/2 200 OK"
2025-08-15 18:06:32,988 - INFO - HTTP Request: GET https://omcbehviyimwbdmqlwix.supabase.co/rest/v1/pinned_conversations?select=id%2Ctitle%2Ccreated_at&user_id=eq.4a577b13-e1e0-4367-8157-536eb044e027&order=created_at.desc "HTTP/2 404 Not Found"
2025-08-15 18:06:33,188 - INFO - HTTP Request: GET https://omcbehviyimwbdmqlwix.supabase.co/rest/v1/chat_history?select=role%2Ccontent%2Ccreated_at&user_id=eq.4a577b13-e1e0-4367-8157-536eb044e027&content=ilike.%25trung+qu%E1%BB%91c%25&order=created_at.desc "HTTP/2 200 OK"
2025-08-15 18:06:33,392 - INFO - HTTP Request: GET https://omcbehviyimwbdmqlwix.supabase.co/rest/v1/chat_history?select=role%2Ccontent&user_id=eq.4a577b13-e1e0-4367-8157-536eb044e027&created_at=lte.2025-08-14T10%3A11%3A04.542553%2B00%3A00&order=created_at.asc "HTTP/2 200 OK"
2025-08-15 18:06:55,238 - INFO - HTTP Request: GET https://omcbehviyimwbdmqlwix.supabase.co/rest/v1/pinned_conversations?select=id%2Ctitle%2Ccreated_at&user_id=eq.4a577b13-e1e0-4367-8157-536eb044e027&order=created_at.desc "HTTP/2 404 Not Found"
2025-08-15 18:07:09,362 - INFO - HTTP Request: GET https://omcbehviyimwbdmqlwix.supabase.co/rest/v1/pinned_conversations?select=id%2Ctitle%2Ccreated_at&user_id=eq.4a577b13-e1e0-4367-8157-536eb044e027&order=created_at.desc "HTTP/2 404 Not Found"
2025-08-15 18:07:16,956 - INFO - HTTP Request: GET https://omcbehviyimwbdmqlwix.supabase.co/rest/v1/pinned_conversations?select=id%2Ctitle%2Ccreated_at&user_id=eq.4a577b13-e1e0-4367-8157-536eb044e027&order=created_at.desc "HTTP/2 404 Not Found"
2025-08-15 18:07:17,229 - INFO - HTTP Request: GET https://omcbehviyimwbdmqlwix.supabase.co/rest/v1/pinned_conversations?select=id%2Ctitle%2Ccreated_at&user_id=eq.4a577b13-e1e0-4367-8157-536eb044e027&order=created_at.desc "HTTP/2 404 Not Found"
2025-08-15 18:07:17,457 - INFO - HTTP Request: POST https://omcbehviyimwbdmqlwix.supabase.co/rest/v1/chat_history "HTTP/2 201 Created"
2025-08-15 18:07:31,906 - INFO - HTTP Request: POST https://omcbehviyimwbdmqlwix.supabase.co/rest/v1/chat_history "HTTP/2 201 Created"
2025-08-15 18:08:17,315 - INFO - HTTP Request: GET https://omcbehviyimwbdmqlwix.supabase.co/rest/v1/pinned_conversations?select=id%2Ctitle%2Ccreated_at&user_id=eq.4a577b13-e1e0-4367-8157-536eb044e027&order=created_at.desc "HTTP/2 404 Not Found"
2025-08-15 18:08:17,463 - INFO - HTTP Request: GET https://omcbehviyimwbdmqlwix.supabase.co/rest/v1/chat_history?select=role%2Ccontent%2Ccreated_at&user_id=eq.4a577b13-e1e0-4367-8157-536eb044e027&content=ilike.%25trung+%25&order=created_at.desc "HTTP/2 200 OK"
2025-08-15 18:11:58,395 - INFO - HTTP Request: GET https://omcbehviyimwbdmqlwix.supabase.co/rest/v1/pinned_conversations?select=id%2Ctitle%2Ccreated_at&user_id=eq.4a577b13-e1e0-4367-8157-536eb044e027&order=created_at.desc "HTTP/2 404 Not Found"
2025-08-15 18:11:59,695 - INFO - HTTP Request: GET https://omcbehviyimwbdmqlwix.supabase.co/rest/v1/chat_history?select=role%2Ccontent%2Ccreated_at&user_id=eq.4a577b13-e1e0-4367-8157-536eb044e027&content=ilike.%25trung+%25&order=created_at.desc "HTTP/2 200 OK"
2025-08-15 18:12:00,671 - INFO - HTTP Request: GET https://omcbehviyimwbdmqlwix.supabase.co/rest/v1/chat_history?select=role%2Ccontent&user_id=eq.4a577b13-e1e0-4367-8157-536eb044e027&created_at=lte.2025-08-15T08%3A40%3A44.654183%2B00%3A00&order=created_at.asc "HTTP/2 200 OK"
2025-08-15 18:12:09,834 - INFO - HTTP Request: GET https://omcbehviyimwbdmqlwix.supabase.co/rest/v1/pinned_conversations?select=id%2Ctitle%2Ccreated_at&user_id=eq.4a577b13-e1e0-4367-8157-536eb044e027&order=created_at.desc "HTTP/2 404 Not Found"
2025-08-15 18:12:20,249 - INFO - HTTP Request: GET https://omcbehviyimwbdmqlwix.supabase.co/rest/v1/pinned_conversations?select=id%2Ctitle%2Ccreated_at&user_id=eq.4a577b13-e1e0-4367-8157-536eb044e027&order=created_at.desc "HTTP/2 404 Not Found"
2025-08-15 18:12:32,666 - INFO - HTTP Request: POST https://omcbehviyimwbdmqlwix.supabase.co/rest/v1/pinned_conversations "HTTP/2 404 Not Found"
2025-08-15 18:12:33,002 - INFO - HTTP Request: GET https://omcbehviyimwbdmqlwix.supabase.co/rest/v1/pinned_conversations?select=id%2Ctitle%2Ccreated_at&user_id=eq.4a577b13-e1e0-4367-8157-536eb044e027&order=created_at.desc "HTTP/2 404 Not Found"
2025-08-15 18:12:37,390 - INFO - HTTP Request: GET https://omcbehviyimwbdmqlwix.supabase.co/rest/v1/pinned_conversations?select=id%2Ctitle%2Ccreated_at&user_id=eq.4a577b13-e1e0-4367-8157-536eb044e027&order=created_at.desc "HTTP/2 404 Not Found"
2025-08-15 18:12:40,020 - INFO - HTTP Request: POST https://omcbehviyimwbdmqlwix.supabase.co/rest/v1/pinned_conversations "HTTP/2 404 Not Found"
2025-08-15 18:12:40,359 - INFO - HTTP Request: GET https://omcbehviyimwbdmqlwix.supabase.co/rest/v1/pinned_conversations?select=id%2Ctitle%2Ccreated_at&user_id=eq.4a577b13-e1e0-4367-8157-536eb044e027&order=created_at.desc "HTTP/2 404 Not Found"
2025-08-15 18:12:54,654 - INFO - HTTP Request: GET https://omcbehviyimwbdmqlwix.supabase.co/rest/v1/pinned_conversations?select=id%2Ctitle%2Ccreated_at&user_id=eq.4a577b13-e1e0-4367-8157-536eb044e027&order=created_at.desc "HTTP/2 404 Not Found"
